<?xml version="1.0" encoding="UTF-8"?>
<!-- Generated by org.testng.reporters.JUnitReportReporter -->
<testsuite hostname="ASDP1732PO02529" name="com.qait.test.Flipkart_searchtab" tests="1" failures="0" timestamp="4 Sep 2017 10:59:00 GMT" time="6.567" errors="0">
  <testcase name="Test001_searchTab" time="6.567" classname="com.qait.test.Flipkart_searchtab"/>
</testsuite> <!-- com.qait.test.Flipkart_searchtab -->
