<?xml version="1.0" encoding="UTF-8"?>
<!-- Generated by org.testng.reporters.JUnitReportReporter -->
<testsuite hostname="ASDP1732PO02529" name="com.qait.utils.ObjectFileReader" tests="1" failures="0" timestamp="14 Aug 2017 06:10:56 GMT" time="0.014" errors="0">
  <testcase name="test001" time="0.014" classname="com.qait.utils.ObjectFileReader"/>
</testsuite> <!-- com.qait.utils.ObjectFileReader -->
