<?xml version="1.0" encoding="UTF-8"?>
<!-- Generated by org.testng.reporters.JUnitReportReporter -->
<testsuite hostname="ASDP1732PO02529" name="com.qait.test.Gmail_login" tests="1" failures="0" timestamp="4 Sep 2017 12:30:22 GMT" time="6.468" errors="0">
  <testcase name="Test001_GmailLogin" time="6.468" classname="com.qait.test.Gmail_login"/>
</testsuite> <!-- com.qait.test.Gmail_login -->
